{
  "RSpec": {
    "coverage": {
      "/Users/mehdim/finalExam/biddr/spec/support/login_helpers.rb": [
        1,
        null,
        1,
        6,
        null,
        null,
        null
      ],
      "/Users/mehdim/finalExam/biddr/app/controllers/bids_controller.rb": [
        1,
        null,
        1,
        null,
        1,
        null,
        6,
        6,
        6,
        6,
        null,
        null,
        6,
        4,
        null,
        2,
        2,
        null,
        null,
        null,
        1,
        null,
        1,
        6,
        null,
        null,
        null
      ],
      "/Users/mehdim/finalExam/biddr/app/controllers/application_controller.rb": [
        1,
        null,
        null,
        1,
        null,
        1,
        7,
        null,
        null,
        1,
        13,
        null,
        1,
        null,
        1,
        7,
        null,
        1,
        null,
        1,
        0,
        null,
        null,
        null
      ],
      "/Users/mehdim/finalExam/biddr/app/models/user.rb": [
        1,
        null,
        1,
        null,
        1,
        null,
        1,
        null,
        null,
        1,
        0,
        null,
        null,
        null,
        null
      ],
      "/Users/mehdim/finalExam/biddr/app/models/item.rb": [
        1,
        null,
        1,
        null,
        1,
        null,
        1,
        1,
        1,
        null,
        1,
        0,
        0,
        null,
        null,
        null,
        null
      ],
      "/Users/mehdim/finalExam/biddr/app/models/bid.rb": [
        1,
        null,
        1,
        1,
        null,
        1,
        null,
        null
      ]
    },
    "timestamp": 1443826321
  }
}
